** Message: 11:27:09.690: environement.vala:58: Exporting primary_variable
** Message: 11:27:09.690: environement.vala:59: desktop_environnement XDG_CURRENT_DESKTOP
** Message: 11:27:09.691: environement.vala:150: confir_dirs is null, export : /etc/xdg
** Message: 11:27:09.691: environement.vala:184: Exporting XDG_CONFIG_DIRS
** Message: 11:27:09.691: environement.vala:218: custom_data :
** Message: 11:27:09.691: environement.vala:219: data_dirs :/usr/share/fkms:/usr/local/share:/usr/share/raspi-ui-overrides:/usr/share:/usr/share/gdm:/var/lib/menu-xdg
** Message: 11:27:09.691: environement.vala:220: data_dirs not null, export : /usr/share/fkms:/usr/local/share:/usr/share/raspi-ui-overrides:/usr/share:/usr/share/gdm:/var/lib/menu-xdg
** Message: 11:27:09.691: environement.vala:225: Exporting XDG_DATA_DIRS
** Message: 11:27:09.691: utils.vala:138: Config system location : /etc/xdg/lxsession/LXDE-pi
** Message: 11:27:09.695: utils.vala:144: System system path location : /etc/xdg/lxsession/LXDE-pi/desktop.conf
** Message: 11:27:09.696: utils.vala:148: Final file used : /etc/xdg/lxsession/LXDE-pi/desktop.conf
** Message: 11:27:09.696: utils.vala:39: Config system location : /etc/xdg/lxsession/LXDE-pi
** Message: 11:27:09.696: utils.vala:45: System system path location : /etc/xdg/lxsession/LXDE-pi/desktop.conf

** (lxsession:805): WARNING **: 11:27:09.700: utils.vala:70: No such file or directory
** Message: 11:27:09.700: settings.vala:540: Key file does not have key ?iGtk/ColorScheme? in group ?GTK?
** Message: 11:27:09.700: settings.vala:540: Key file does not have key ?windows_manager/command? in group ?Session?
** Message: 11:27:09.701: settings.vala:540: Key file does not have key ?panel/command? in group ?Session?
** Message: 11:27:09.701: settings.vala:540: Key file does not have key ?dock/command? in group ?Session?
** Message: 11:27:09.701: settings.vala:540: Key file does not have key ?file_manager/command? in group ?Session?
** Message: 11:27:09.701: settings.vala:540: Key file does not have key ?desktop_manager/command? in group ?Session?
** Message: 11:27:09.701: settings.vala:540: Key file does not have key ?launcher_manager/autostart? in group ?Session?
** Message: 11:27:09.701: settings.vala:540: Key file does not have key ?composite_manager/command? in group ?Session?
** Message: 11:27:09.701: settings.vala:540: Key file does not have key ?im1/command? in group ?Session?
** Message: 11:27:09.701: settings.vala:540: Key file does not have key ?im2/command? in group ?Session?
** Message: 11:27:09.701: settings.vala:540: Key file does not have key ?widget1/command? in group ?Session?
** Message: 11:27:09.701: settings.vala:540: Key file does not have key ?notification/command? in group ?Session?
** Message: 11:27:09.701: settings.vala:540: Key file does not have key ?keybindings/command? in group ?Session?
** Message: 11:27:09.701: settings.vala:540: Key file does not have key ?im_manager/command? in group ?Session?
** Message: 11:27:09.701: settings.vala:540: Key file does not have key ?screensaver/command? in group ?Session?
** Message: 11:27:09.701: settings.vala:540: Key file does not have key ?power_manager/command? in group ?Session?
** Message: 11:27:09.701: settings.vala:540: Key file does not have key ?audio_manager/command? in group ?Session?
** Message: 11:27:09.702: settings.vala:540: Key file does not have key ?workspace_manager/command? in group ?Session?
** Message: 11:27:09.702: settings.vala:540: Key file does not have key ?screenshot_manager/command? in group ?Session?
** Message: 11:27:09.702: settings.vala:540: Key file does not have key ?message_manager/command? in group ?Session?
** Message: 11:27:09.702: settings.vala:540: Key file does not have key ?upgrade_manager/command? in group ?Session?
** Message: 11:27:09.702: settings.vala:540: Key file does not have key ?updates_manager/command? in group ?Session?
** Message: 11:27:09.702: settings.vala:540: Key file does not have key ?updates_manager/timeout? in group ?Session?
** Message: 11:27:09.702: settings.vala:540: Key file does not have key ?crash_manager/command? in group ?Session?
** Message: 11:27:09.702: settings.vala:540: Key file does not have key ?crash_manager/dev_mode? in group ?Session?
** Message: 11:27:09.702: settings.vala:540: Key file does not have key ?crash_manager/timeout? in group ?Session?
** Message: 11:27:09.702: settings.vala:540: Key file does not have key ?upstart_user_session? in group ?Session?
** Message: 11:27:09.702: settings.vala:540: Key file does not have key ?proxy_manager/http? in group ?Session?
** Message: 11:27:09.702: settings.vala:540: Key file does not have key ?a11y/command? in group ?Session?
** Message: 11:27:09.702: settings.vala:540: Key file does not have key ?xrandr/command? in group ?Session?
** Message: 11:27:09.703: settings.vala:540: Key file does not have key ?network_gui/command? in group ?Session?
** Message: 11:27:09.703: settings.vala:540: Key file does not have key ?webbrowser/command? in group ?Session?
** Message: 11:27:09.703: settings.vala:540: Key file does not have key ?email/command? in group ?Session?
** Message: 11:27:09.703: settings.vala:540: Key file does not have key ?pdf_reader/command? in group ?Session?
** Message: 11:27:09.703: settings.vala:540: Key file does not have key ?video_player/command? in group ?Session?
** Message: 11:27:09.703: settings.vala:540: Key file does not have key ?audio_player/command? in group ?Session?
** Message: 11:27:09.703: settings.vala:540: Key file does not have key ?images_display/command? in group ?Session?
** Message: 11:27:09.703: settings.vala:540: Key file does not have key ?text_editor/command? in group ?Session?
** Message: 11:27:09.703: settings.vala:540: Key file does not have key ?archive/command? in group ?Session?
** Message: 11:27:09.703: settings.vala:540: Key file does not have key ?charmap/command? in group ?Session?
** Message: 11:27:09.703: settings.vala:540: Key file does not have key ?calculator/command? in group ?Session?
** Message: 11:27:09.703: settings.vala:540: Key file does not have key ?spreadsheet/command? in group ?Session?
** Message: 11:27:09.703: settings.vala:540: Key file does not have key ?bittorent/command? in group ?Session?
** Message: 11:27:09.703: settings.vala:540: Key file does not have key ?document/command? in group ?Session?
** Message: 11:27:09.703: settings.vala:540: Key file does not have key ?webcam/command? in group ?Session?
** Message: 11:27:09.704: settings.vala:540: Key file does not have key ?burn/command? in group ?Session?
** Message: 11:27:09.704: settings.vala:540: Key file does not have key ?notes/command? in group ?Session?
** Message: 11:27:09.704: settings.vala:540: Key file does not have key ?disk_utility/command? in group ?Session?
** Message: 11:27:09.704: settings.vala:540: Key file does not have key ?tasks/command? in group ?Session?
** Message: 11:27:09.704: settings.vala:540: Key file does not have group ?Keymap?
** Message: 11:27:09.704: settings.vala:540: Key file does not have key ?laptop_mode? in group ?State?
** Message: 11:27:09.704: settings.vala:540: Key file does not have key ?gnome? in group ?Dbus?
** Message: 11:27:09.704: settings.vala:540: Key file does not have key ?type? in group ?Environment?
** Message: 11:27:09.704: settings.vala:540: Key file does not have key ?ubuntu_menuproxy? in group ?Environment?
** Message: 11:27:09.704: settings.vala:540: Key file does not have key ?toolkit_integration? in group ?Environment?
** Message: 11:27:09.704: settings.vala:540: Key file does not have key ?gtk/overlay_scrollbar_disable? in group ?Environment?
** Message: 11:27:09.704: settings.vala:540: Key file does not have key ?qt/force_theme? in group ?Environment?
** Message: 11:27:09.704: settings.vala:540: Key file does not have key ?qt/platform? in group ?Environment?
** Message: 11:27:09.705: settings.vala:462: Monitoring: /etc/xdg/lxsession/LXDE-pi/desktop.conf
** Message: 11:27:09.705: settings.vala:470: Desktop file is not in config home, monitoring creation of it
** Message: 11:27:09.705: settings.vala:485: Monitoring home path: /home/pi/.config/lxsession/LXDE-pi/desktop.conf
** Message: 11:27:09.705: environement.vala:79: Exporting variable
** Message: 11:27:09.705: environement.vala:80: desktop_environnement XDG_CURRENT_DESKTOP
** Message: 11:27:09.706: environement.vala:177: custom_config :
** Message: 11:27:09.706: environement.vala:178: config_dirs :/etc/xdg
** Message: 11:27:09.706: environement.vala:179: confir_dirs not null, export : /etc/xdg
** Message: 11:27:09.706: environement.vala:184: Exporting XDG_CONFIG_DIRS
** Message: 11:27:09.706: environement.vala:218: custom_data :
** Message: 11:27:09.706: environement.vala:219: data_dirs :/usr/share/fkms:/usr/local/share:/usr/share/raspi-ui-overrides:/usr/share:/usr/share/gdm:/var/lib/menu-xdg
** Message: 11:27:09.706: environement.vala:220: data_dirs not null, export : /usr/share/fkms:/usr/local/share:/usr/share/raspi-ui-overrides:/usr/share:/usr/share/gdm:/var/lib/menu-xdg
** Message: 11:27:09.706: environement.vala:225: Exporting XDG_DATA_DIRS
** Message: 11:27:09.706: utils.vala:39: Config system location : /etc/xdg/lxsession/LXDE-pi
** Message: 11:27:09.706: utils.vala:45: System system path location : /etc/xdg/lxsession/LXDE-pi/desktop.conf

** (lxsession:805): WARNING **: 11:27:09.706: utils.vala:70: No such file or directory
** Message: 11:27:09.706: environement.vala:254: No entry in [Environment_variable]. Key file does not have group ?Environment_variable?
** Message: 11:27:09.714: utils.vala:138: Config system location : /etc/xdg/lxsession/LXDE-pi
** Message: 11:27:09.714: utils.vala:144: System system path location : /etc/xdg/lxsession/LXDE-pi/conffiles.conf
** Message: 11:27:09.715: utils.vala:148: Final file used : /etc/xdg/lxsession/LXDE-pi/conffiles.conf
** Message: 11:27:09.716: options.vala:164: Activate xsettings_manager build-in
** Message: 11:27:09.716: utils.vala:39: Config system location : /etc/xdg/lxsession/LXDE-pi
** Message: 11:27:09.716: utils.vala:45: System system path location : /etc/xdg/lxsession/LXDE-pi/desktop.conf

** (lxsession:805): WARNING **: 11:27:09.716: utils.vala:70: No such file or directory
xprop:  no such property "_NET_NUMBER_OF_DESKTOPS"
xprop:  no such property "_NET_DESKTOP_NAMES"
** Message: 11:27:09.756: app.vala:721: polkit separate
** Message: 11:27:09.757: app.vala:721: polkit separate
** Message: 11:27:09.766: app.vala:76: Launching lxpolkit 
** Message: 11:27:09.766: utils.vala:138: Config system location : /etc/xdg/lxsession/LXDE-pi
** Message: 11:27:09.766: utils.vala:144: System system path location : /etc/xdg/lxsession/LXDE-pi/autostart
** Message: 11:27:09.767: utils.vala:148: Final file used : /etc/xdg/lxsession/LXDE-pi/autostart
** Message: 11:27:09.767: autostart.vala:42: Autostart path : /etc/xdg/lxsession/LXDE-pi/autostart
** Message: 11:27:09.791: app.vala:76: Launching lxpanel 
** Message: 11:27:09.813: app.vala:76: Launching pcmanfm 

(process:970): Gtk-WARNING **: 11:27:09.832: Locale not supported by C library.
	Using the fallback 'C' locale.

** (lxsession:805): WARNING **: 11:27:09.834: app.vala:86: Failed to execute child process ?xscreensaver? (No such file or directory)

** (lxsession:805): WARNING **: 11:27:09.834: app.vala:87: Error when launching xscreensaver
** Message: 11:27:09.844: options.vala:107: Create build-in Clipboard
** Message: 11:27:09.846: main.vala:441: Check keymap_mode (null)
** Message: 11:27:09.864: app.vala:76: Launching /usr/bin/ssh-agent 
SSH_AUTH_SOCK=/tmp/ssh-1vStadU3JBJH/agent.977; export SSH_AUTH_SOCK;
SSH_AGENT_PID=984; export SSH_AGENT_PID;
echo Agent pid 984;
Openbox-Message: Couldn't set messages locale category from environment.
Openbox-Message: Couldn't set locale from environment.
sh: 1: Syntax error: "(" unexpected

(process:974): Gtk-WARNING **: 11:27:09.903: Locale not supported by C library.
	Using the fallback 'C' locale.

(process:972): Gtk-WARNING **: 11:27:09.905: Locale not supported by C library.
	Using the fallback 'C' locale.
** Message: 11:27:09.982: app.vala:130: /usr/bin/ssh-agent exit with this type of exit: 0
** Message: 11:27:10.119: x-terminal-emulator has very limited support, consider choose another terminal
** Message: 11:27:10.204: x-terminal-emulator has very limited support, consider choose another terminal
Openbox-Message: Unable to find a valid menu file "/usr/share/lxde/openbox/menu.xml"
** Message: 11:27:11.670: cputemp: Added sensor /sys/class/thermal/thermal_zone0/
** Message: 11:27:11.670: cputemp: Found 1 sensors
** Message: 11:27:11.763: Connecting ...
** Message: 11:27:11.764: Status changed to down
Unit pt-device-manager.service could not be found.

** (lxpanel:972): WARNING **: 11:27:11.955: Battery 0 not found

(lxpanel:972): Gtk-CRITICAL **: 11:27:12.501: IA__gtk_image_set_from_pixbuf: assertion 'GTK_IS_IMAGE (image)' failed
** Message: 11:27:12.765: Status changed to opened
** Message: 11:27:12.765: Connected to dhcpcd-8.1.2
** Message: 11:27:12.766: Status changed to disconnected
** Message: 11:27:12.766: eth0: Link is down
** Message: 11:27:12.766: wlan0: Not associated
** Message: 11:27:19.049: wlan0: Associated with lemons
** Message: 11:27:19.050: Status changed to connecting
** Message: 11:27:25.498: wlan0: Configured 192.168.0.20/24
** Message: 11:27:25.498: Status changed to connected
